<?xml version="1.0" encoding="UTF-8" ?>
<testsuite 
errors="0" failures="0" hostname="Ferrans-MacBook-Pro.local" name="com.ferran.projects.crypto.analytics.model.CryptoAnalyticalModelTest" tests="2" time="0.059" timestamp="2019-07-03T00:52:27">
  <properties>
[...]
</properties>
  <testcase 
  name="Encoding and decoding DetailedBlock case class should return the same value" classname="com.ferran.projects.crypto.analytics.model.CryptoAnalyticalModelTest" time="0.042">
</testcase>
  <testcase 
  name="Encoding and decoding Transaction case class should return the same value" classname="com.ferran.projects.crypto.analytics.model.CryptoAnalyticalModelTest" time="0.0">
</testcase>
  <system-out><![CDATA[]]></system-out>
  <system-err><![CDATA[]]></system-err>
</testsuite>
